
 Product                              % in Service

                        1    2    3    4    5    6    7    8    9    10

 OTHER                .734 .711 .686 .662 .638 .615 .592 .571 .550 .531
 ESCORT               .030 .026 .023 .020 .018 .017 .015 .014 .013 .013
 CIVIC                .023 .026 .030 .033 .036 .039 .042 .044 .047 .049
 COROLLA              .024 .027 .030 .032 .034 .036 .038 .039 .041 .042
 TERCEL               .010 .012 .013 .014 .016 .017 .018 .019 .021 .022
 MUSTANG              .013 .013 .013 .012 .012 .012 .012 .011 .011 .011
 CELICA               .009 .011 .012 .014 .015 .017 .018 .020 .021 .022
 TEMPO                .025 .022 .019 .017 .015 .014 .013 .012 .011 .011
 ACCORD               .045 .054 .063 .071 .080 .088 .097 .104 .112 .119
 CAMRY                .030 .036 .043 .049 .056 .062 .069 .075 .081 .087
 TAURUS               .034 .039 .044 .048 .052 .055 .058 .060 .062 .064
 TBIRD                .011 .011 .011 .011 .011 .011 .011 .011 .011 .011
 CROWN                .012 .013 .014 .015 .016 .017 .018 .019 .019 .020

 Product                              Market Share

                        1    2    3    4    5    6    7    8    9    10

 OTHER                     .688 .678 .669 .660 .650 .641 .632 .623 .615
 ESCORT                    .032 .030 .029 .028 .027 .026 .026 .025 .024
 CIVIC                     .029 .031 .032 .034 .036 .038 .040 .042 .043
 COROLLA                   .027 .027 .028 .029 .030 .031 .031 .032 .033
 TERCEL                    .013 .014 .014 .015 .016 .017 .017 .018 .019
 MUSTANG                   .014 .014 .014 .014 .014 .014 .014 .014 .014
 CELICA                    .013 .014 .015 .016 .017 .018 .019 .020 .021
 TEMPO                     .027 .026 .025 .024 .023 .022 .022 .021 .021
 ACCORD                    .053 .056 .059 .062 .065 .068 .071 .073 .076
 CAMRY                     .038 .041 .043 .046 .048 .051 .053 .056 .058
 TAURUS                    .043 .044 .045 .046 .047 .047 .048 .048 .048
 TBIRD                     .012 .012 .013 .013 .013 .013 .014 .014 .014
 CROWN                     .012 .013 .013 .014 .014 .014 .014 .015 .015

 A GALILEO(tm) program.
 Copyright 1990
 All Rights Reserved.

