0
fred                                                                           
                    Standard Errors of Estimate


      1  GEORGE BURNS                             =      .0000
      2  MADONNA                                  =      .0000
      3  WALTER CRONKITE                          =      .0000
      4  MICHAEL JACKSON                          =      .0000
      5  JANE FONDA                               =      .0000
      6  THE RAMONES                              =      .0000
      7  OLD                                      =      .0000
      8  RELIABLE                                 =      .0000
      9  FUNNY                                    =      .0000
     10  BEAUTIFUL                                =      .0000
     11  MALE                                     =      .0000
     12  FEMALE                                   =      .0000
     13  PUNK                                     =      .0000
     14  YOURSELF                                 =      .0000

                               Eigenvalues
                       Root  1=         8502.70
                       Root  2=         4577.34
                       Root  3=         3329.14
                       Root  4=         2342.22
                       Root  5=         1587.65
                       Root  6=         1322.91
                       Root  7=          635.24
                       Root  8=            1.87
                       Root  9=           -2.65
                       Root 10=         -502.95
                       Root 11=         -888.71
                       Root 12=        -1263.03
                       Root 13=        -1939.23
                       Root 14=        -3098.50



                       Warp Factor =  1.53
