start concept is HILLARY CLINTON                         
target concept is YOURSELF                                
start to target distance is   91.97
Positioning near 



BERNIE SANDERS                          
 will leave you     106.97 units from YOURSELF                                


That is     116.30 percent of your present distance.


Positioning near 



TED CRUZ                                
 will leave you     110.44 units from YOURSELF                                


That is     120.08 percent of your present distance.


Positioning near 



DONALD TRUMP                            
 will leave you     136.20 units from YOURSELF                                


That is     148.09 percent of your present distance.


Positioning near 



MARCO RUBIO                             
 will leave you     152.32 units from YOURSELF                                


That is     165.61 percent of your present distance.


Positioning near 



DEMOCRAT                                
PRO CHOICE                              
GUN CONTROL                             
 will leave you     128.65 units from YOURSELF                                


That is     139.88 percent of your present distance.


Positioning near 



DEMOCRAT                                
PRO CHOICE                              
GUN RIGHTS                              
 will leave you      89.37 units from YOURSELF                                


That is      97.17 percent of your present distance.




The Galileo Company
Copyright 2015



